2021-12-25 03:43:34,104:INFO: Loading the datasets...
2021-12-25 03:47:02,678:INFO: - done.
2021-12-25 03:53:46,783:INFO: Loading the datasets...
2021-12-25 03:53:51,005:INFO: - done.
2021-12-25 03:58:58,309:INFO: Loading the datasets...
2021-12-25 03:59:02,615:INFO: - done.
2021-12-25 03:59:02,803:INFO: Starting training for 200 epoch(s)
2021-12-25 04:00:33,879:INFO: Loading the datasets...
2021-12-25 04:00:37,806:INFO: - done.
2021-12-25 04:00:37,931:INFO: Starting training for 200 epoch(s)
2021-12-25 04:01:35,077:INFO: Loading the datasets...
2021-12-25 04:01:39,017:INFO: - done.
2021-12-25 04:01:39,127:INFO: Starting training for 200 epoch(s)
2021-12-25 04:13:08,703:INFO: Loading the datasets...
2021-12-25 04:13:13,235:INFO: - done.
2021-12-25 04:13:13,387:INFO: Starting training for 200 epoch(s)
2021-12-25 04:23:15,842:INFO: - Eval metrics, acc:0.5100, loss: 0.0000
2021-12-25 04:23:16,160:INFO: Epoch 1/200, lr:0.1
2021-12-25 16:00:47,847:INFO: Loading the datasets...
2021-12-25 16:00:55,892:INFO: - done.
2021-12-25 16:00:56,333:INFO: Starting training for 200 epoch(s)
2021-12-25 16:13:24,788:INFO: - Eval metrics, acc:0.5100, loss: 0.0000
2021-12-25 16:13:25,161:INFO: Epoch 1/200, lr:0.1
2021-12-25 17:06:15,348:INFO: Loading the datasets...
2021-12-25 17:08:27,140:INFO: Loading the datasets...
2021-12-25 17:09:07,628:INFO: Loading the datasets...
2021-12-25 17:09:09,988:INFO: - done.
2021-12-25 17:09:10,191:INFO: Starting training for 200 epoch(s)
2021-12-28 14:48:55,976:INFO: Loading the datasets...
2021-12-28 14:48:58,412:INFO: - done.
2021-12-28 14:48:58,795:INFO: Starting training for 200 epoch(s)
2021-12-28 14:50:57,308:INFO: Loading the datasets...
2021-12-28 14:51:02,033:INFO: - done.
2021-12-28 14:51:02,224:INFO: Starting training for 200 epoch(s)
2021-12-28 14:55:27,531:INFO: Loading the datasets...
2021-12-28 14:55:31,256:INFO: - done.
2021-12-28 14:55:31,428:INFO: Starting training for 200 epoch(s)
